{
  "RSpec": {
    "coverage": {
      "C:/Users/allis/Downloads/sds/1d-final-project-summer-2024-sds-2024-team-01/app/models/user.rb": {
        "lines": [
          1,
          1,
          null,
          null,
          1,
          null,
          1,
          1,
          1,
          1,
          1,
          1,
          1,
          1,
          1,
          1,
          null
        ]
      },
      "C:/Users/allis/Downloads/sds/1d-final-project-summer-2024-sds-2024-team-01/app/helpers/application_helper.rb": {
        "lines": [
          1,
          null
        ]
      },
      "C:/Users/allis/Downloads/sds/1d-final-project-summer-2024-sds-2024-team-01/app/helpers/media_helper.rb": {
        "lines": [
          null,
          1,
          1,
          0,
          null,
          0,
          null,
          0,
          null,
          null,
          null
        ]
      },
      "C:/Users/allis/Downloads/sds/1d-final-project-summer-2024-sds-2024-team-01/app/helpers/requests_helper.rb": {
        "lines": [
          1,
          null
        ]
      },
      "C:/Users/allis/Downloads/sds/1d-final-project-summer-2024-sds-2024-team-01/app/controllers/requests_controller.rb": {
        "lines": [
          1,
          null,
          1,
          null,
          1,
          null,
          1,
          null,
          null,
          null,
          1,
          0,
          null,
          null,
          null,
          null,
          1,
          0,
          null,
          null,
          null,
          null,
          1,
          0,
          null,
          null,
          null,
          null,
          1,
          0,
          0,
          0,
          0,
          0,
          0,
          0,
          0,
          null,
          0,
          0,
          null,
          0,
          null,
          null,
          0,
          null,
          null,
          null,
          null,
          null,
          1,
          null,
          null,
          null,
          1,
          0,
          0,
          0,
          0,
          0,
          null,
          0,
          0,
          0,
          null,
          0,
          0,
          null,
          null,
          null,
          null,
          null,
          1,
          0,
          0,
          null,
          0,
          null,
          null,
          null,
          null,
          null,
          1,
          0,
          0,
          null,
          null,
          1,
          null,
          null,
          1,
          0,
          null,
          null,
          null,
          1,
          0,
          null,
          null,
          null,
          null
        ]
      },
      "C:/Users/allis/Downloads/sds/1d-final-project-summer-2024-sds-2024-team-01/app/controllers/application_controller.rb": {
        "lines": [
          1,
          1,
          1,
          1,
          null,
          1,
          null,
          1,
          0,
          0,
          null,
          1,
          null
        ]
      },
      "C:/Users/allis/Downloads/sds/1d-final-project-summer-2024-sds-2024-team-01/app/models/charity.rb": {
        "lines": [
          1,
          1,
          1,
          null
        ]
      },
      "C:/Users/allis/Downloads/sds/1d-final-project-summer-2024-sds-2024-team-01/app/models/role.rb": {
        "lines": [
          1,
          1,
          1,
          null,
          null,
          null
        ]
      },
      "C:/Users/allis/Downloads/sds/1d-final-project-summer-2024-sds-2024-team-01/app/models/company.rb": {
        "lines": [
          1,
          1,
          1,
          null
        ]
      },
      "C:/Users/allis/Downloads/sds/1d-final-project-summer-2024-sds-2024-team-01/app/models/request.rb": {
        "lines": [
          1,
          1,
          1,
          null,
          1,
          1,
          1,
          1,
          1,
          1,
          1,
          1,
          1,
          1,
          null,
          null,
          null,
          null
        ]
      },
      "C:/Users/allis/Downloads/sds/1d-final-project-summer-2024-sds-2024-team-01/app/models/chat.rb": {
        "lines": [
          1,
          1,
          1,
          1,
          1,
          1,
          null
        ]
      },
      "C:/Users/allis/Downloads/sds/1d-final-project-summer-2024-sds-2024-team-01/app/models/message.rb": {
        "lines": [
          1,
          1,
          1,
          1,
          1,
          1,
          1,
          1,
          1,
          1,
          null
        ]
      },
      "C:/Users/allis/Downloads/sds/1d-final-project-summer-2024-sds-2024-team-01/app/models/review.rb": {
        "lines": [
          1,
          1,
          1,
          1,
          1,
          1,
          1,
          1,
          1,
          null
        ]
      },
      "C:/Users/allis/Downloads/sds/1d-final-project-summer-2024-sds-2024-team-01/app/channels/application_cable/channel.rb": {
        "lines": [
          0,
          0,
          0,
          0
        ],
        "branches": {
        }
      },
      "C:/Users/allis/Downloads/sds/1d-final-project-summer-2024-sds-2024-team-01/app/channels/application_cable/connection.rb": {
        "lines": [
          0,
          0,
          0,
          0
        ],
        "branches": {
        }
      },
      "C:/Users/allis/Downloads/sds/1d-final-project-summer-2024-sds-2024-team-01/app/controllers/api/v1/requests_controller.rb": {
        "lines": [
          null,
          0,
          0,
          null,
          null,
          0,
          0,
          0,
          0,
          null,
          null,
          0,
          0,
          0,
          0,
          null,
          null,
          0,
          0,
          0,
          0,
          null,
          null,
          null,
          0,
          0,
          null,
          null,
          0,
          0,
          0,
          0,
          0,
          0,
          0,
          0,
          0,
          0,
          0,
          0,
          0,
          0,
          0,
          null,
          0,
          0,
          0,
          0,
          null,
          0,
          0,
          0,
          null,
          null,
          null,
          0,
          0,
          0,
          0,
          0,
          0,
          0,
          null,
          null,
          0,
          0,
          0,
          0,
          null,
          0,
          null,
          0,
          0,
          0,
          null,
          null,
          null,
          0,
          0,
          0,
          0
        ],
        "branches": {
        }
      },
      "C:/Users/allis/Downloads/sds/1d-final-project-summer-2024-sds-2024-team-01/app/controllers/auth_controller.rb": {
        "lines": [
          null,
          null,
          null,
          0,
          0,
          null,
          null,
          null,
          null,
          null,
          null,
          null,
          null,
          null,
          null,
          null,
          null,
          null,
          0,
          null,
          0,
          0,
          0
        ],
        "branches": {
        }
      },
      "C:/Users/allis/Downloads/sds/1d-final-project-summer-2024-sds-2024-team-01/app/controllers/my_applications_controller.rb": {
        "lines": [
          0,
          0,
          0,
          0,
          null,
          null,
          0,
          0,
          0,
          null,
          0
        ],
        "branches": {
        }
      },
      "C:/Users/allis/Downloads/sds/1d-final-project-summer-2024-sds-2024-team-01/app/controllers/my_devise/registrations_controller.rb": {
        "lines": [
          null,
          0,
          0,
          null,
          0,
          0,
          null,
          0,
          0,
          0,
          0,
          0,
          0,
          0,
          0,
          0,
          0,
          0,
          0,
          0,
          0,
          0,
          0,
          0,
          null,
          0,
          0
        ],
        "branches": {
        }
      },
      "C:/Users/allis/Downloads/sds/1d-final-project-summer-2024-sds-2024-team-01/app/controllers/my_devise/sessions_controller.rb": {
        "lines": [
          null,
          0,
          0,
          0,
          0,
          0,
          null,
          null,
          0,
          0,
          0,
          0,
          0,
          0,
          0,
          0,
          null,
          null,
          0,
          0,
          0,
          0,
          0,
          0,
          0,
          0,
          0,
          0,
          null,
          null,
          0,
          0,
          0,
          0,
          0,
          0,
          null,
          0,
          null,
          0,
          0,
          0,
          null,
          0,
          0,
          0,
          0,
          0,
          0,
          null,
          0,
          0,
          0,
          null,
          0,
          0,
          0,
          null,
          0,
          null,
          null,
          null,
          null,
          null,
          0,
          0,
          0,
          null,
          0,
          0,
          0,
          null,
          0,
          0,
          null,
          0,
          0,
          null,
          0,
          null,
          null,
          0,
          0,
          0,
          0,
          0,
          0
        ],
        "branches": {
        }
      },
      "C:/Users/allis/Downloads/sds/1d-final-project-summer-2024-sds-2024-team-01/app/controllers/my_requests_controller.rb": {
        "lines": [
          0,
          0,
          0,
          0,
          0,
          0,
          0,
          0,
          null,
          null,
          0,
          0,
          0,
          null,
          null,
          0,
          0,
          0,
          null,
          0
        ],
        "branches": {
        }
      },
      "C:/Users/allis/Downloads/sds/1d-final-project-summer-2024-sds-2024-team-01/app/controllers/profile_controller.rb": {
        "lines": [
          null,
          null,
          null,
          0,
          0,
          0,
          0,
          0,
          0,
          0,
          0,
          0,
          0,
          0,
          null,
          0,
          null,
          0,
          0
        ],
        "branches": {
        }
      },
      "C:/Users/allis/Downloads/sds/1d-final-project-summer-2024-sds-2024-team-01/app/jobs/application_job.rb": {
        "lines": [
          0,
          null,
          null,
          null,
          null,
          null,
          0
        ],
        "branches": {
        }
      },
      "C:/Users/allis/Downloads/sds/1d-final-project-summer-2024-sds-2024-team-01/app/mailers/application_mailer.rb": {
        "lines": [
          0,
          0,
          0,
          0
        ],
        "branches": {
        }
      },
      "C:/Users/allis/Downloads/sds/1d-final-project-summer-2024-sds-2024-team-01/app/models/application_record.rb": {
        "lines": [
          0,
          0,
          0,
          null,
          null,
          null,
          null,
          null
        ],
        "branches": {
        }
      },
      "C:/Users/allis/Downloads/sds/1d-final-project-summer-2024-sds-2024-team-01/app/models/request_application.rb": {
        "lines": [
          0,
          0,
          0,
          0,
          0,
          0,
          0
        ],
        "branches": {
        }
      },
      "C:/Users/allis/Downloads/sds/1d-final-project-summer-2024-sds-2024-team-01/app/models/summary_report.rb": {
        "lines": [
          0,
          0,
          0,
          0,
          0
        ],
        "branches": {
        }
      },
      "C:/Users/allis/Downloads/sds/1d-final-project-summer-2024-sds-2024-team-01/app/models/user_report.rb": {
        "lines": [
          0,
          0,
          0,
          0,
          0,
          0
        ],
        "branches": {
        }
      }
    },
    "timestamp": 1720345663
  }
}
